<?xml version="1.0" encoding="UTF-8"?>
<!-- Generated by org.testng.reporters.JUnitReportReporter -->
<testsuite hostname="SOM" name="SeleniumAutomation.HomePageNavigationTest" tests="1" failures="0" timestamp="26 Nov 2020 05:58:20 GMT" time="21.323" errors="0">
  <testcase name="basePageNavigation" time="21.323" classname="SeleniumAutomation.HomePageNavigationTest"/>
</testsuite> <!-- SeleniumAutomation.HomePageNavigationTest -->
