<?xml version="1.0" encoding="UTF-8"?>
<!-- Generated by org.testng.reporters.JUnitReportReporter -->
<testsuite hostname="SOM" name="SeleniumAutomation.ValidateDisplayTextTest" tests="1" failures="0" timestamp="26 Nov 2020 05:58:20 GMT" time="0.070" errors="0">
  <testcase name="validateDisplayText" time="0.070" classname="SeleniumAutomation.ValidateDisplayTextTest"/>
</testsuite> <!-- SeleniumAutomation.ValidateDisplayTextTest -->
