<?xml version="1.0" encoding="UTF-8"?>
<!-- Generated by org.testng.reporters.JUnitReportReporter -->
<testsuite hostname="SOM" name="SeleniumAutomation.ValidateLoginErrorTest" tests="1" failures="0" timestamp="26 Nov 2020 05:58:20 GMT" time="16.109" errors="0">
  <testcase name="validateLoginError" time="16.109" classname="SeleniumAutomation.ValidateLoginErrorTest"/>
</testsuite> <!-- SeleniumAutomation.ValidateLoginErrorTest -->
