<?xml version="1.0" encoding="UTF-8"?>
<!-- Generated by org.testng.reporters.JUnitReportReporter -->
<testsuite hostname="SOM"
	name="SeleniumAutomation.ValidateNavigationBarTest" tests="1" failures="0"
	timestamp="21 Nov 2020 20:49:17 GMT" time="0.131" errors="0">
	<testcase name="validateTitle" time="0.131"
		classname="SeleniumAutomation.ValidateNavigationBarTest" />
</testsuite> <!-- SeleniumAutomation.ValidateNavigationBarTest -->
