<?xml version="1.0" encoding="UTF-8"?>
<!-- Generated by org.testng.reporters.JUnitReportReporter -->
<testsuite hostname="SOM" name="SeleniumAutomation.ValidateTitleTest" tests="1" failures="0" timestamp="25 Nov 2020 09:52:53 GMT" time="1.333" errors="0">
  <testcase name="validateTitle" time="1.333" classname="SeleniumAutomation.ValidateTitleTest"/>
</testsuite> <!-- SeleniumAutomation.ValidateTitleTest -->
