<?xml version="1.0" encoding="UTF-8"?>
<!-- Generated by org.testng.reporters.JUnitReportReporter -->
<testsuite hostname="SOM" name="SeleniumAutomation.HomePageTest"
	tests="2" failures="0" timestamp="22 Nov 2020 07:29:56 GMT" time="7.894"
	errors="0">
	<testcase name="basePageNavigation" time="2.916"
		classname="SeleniumAutomation.HomePageTest" />
	<testcase name="basePageNavigation" time="4.978"
		classname="SeleniumAutomation.HomePageTest" />
</testsuite> <!-- SeleniumAutomation.HomePageTest -->
