<?xml version="1.0" encoding="UTF-8"?>
<!-- Generated by org.testng.reporters.JUnitReportReporter -->
<testsuite skipped="0" hostname="SOM" name="SeleniumAutomation.ValidateLoginErrorTest" tests="1" failures="0" timestamp="2020-11-27T00:05:14 IST" time="18.233" errors="0">
  <testcase name="validateLoginError" time="18.233" classname="SeleniumAutomation.ValidateLoginErrorTest"/>
</testsuite> <!-- SeleniumAutomation.ValidateLoginErrorTest -->
