<?xml version="1.0" encoding="UTF-8"?>
<!-- Generated by org.testng.reporters.JUnitReportReporter -->
<testsuite skipped="0" hostname="SOM" name="SeleniumAutomation.HomePageNavigationTest" tests="1" failures="0" timestamp="2020-11-27T00:07:34 IST" time="30.745" errors="0">
  <testcase name="basePageNavigation" time="30.745" classname="SeleniumAutomation.HomePageNavigationTest"/>
</testsuite> <!-- SeleniumAutomation.HomePageNavigationTest -->
