<?xml version="1.0" encoding="UTF-8"?>
<!-- Generated by org.testng.reporters.JUnitReportReporter -->
<testsuite skipped="0" hostname="SOM" name="cucumberOptions.TestRunner" tests="1" failures="0" timestamp="2020-11-27T00:07:34 IST" time="13.482" errors="0">
  <testcase name="feature" time="13.482" classname="cucumberOptions.TestRunner"/>
</testsuite> <!-- cucumberOptions.TestRunner -->
